<?xml version="1.0" encoding="UTF-8"?>
<!-- Generated by org.testng.reporters.JUnitXMLReporter -->
<testsuite ignored="0" hostname="DESKTOP-NNG2UOE" failures="0" tests="11" name="Default test" time="16.322" errors="0" timestamp="2024-02-05T17:46:45 IST">
  <testcase classname="org.collegesuggestproject.ListingPage_Filter" name="verifyFilterTextIsPresent" time="2.226"/>
  <testcase classname="org.collegesuggestproject.ListingPage_Filter" name="verifyStateTextIsPresent" time="0.125"/>
  <testcase classname="org.collegesuggestproject.ListingPage_Filter" name="verifyCityTextIsPresent" time="0.06"/>
  <testcase classname="org.collegesuggestproject.ListingPage_Filter" name="verifyOwnershipTextIsPresent" time="0.013"/>
  <testcase classname="org.collegesuggestproject.ListingPage_Filter" name="verifyCategoryTextIsPresent" time="0.017"/>
  <testcase classname="org.collegesuggestproject.ListingPage_Filter" name="verifyCourseTextIsPresent" time="0.021"/>
  <testcase classname="org.collegesuggestproject.ListingPage_Filter" name="clickOnStateFilterTamilnadu" time="1.093"/>
  <testcase classname="org.collegesuggestproject.ListingPage_Filter" name="clickOnCityFilterChennai" time="0.855"/>
  <testcase classname="org.collegesuggestproject.ListingPage_Filter" name="clickOnOwnershipFilterGoverment" time="0.767"/>
  <testcase classname="org.collegesuggestproject.ListingPage_Filter" name="clickOnCategoryFilterIIT" time="0.783"/>
  <testcase classname="org.collegesuggestproject.ListingPage_Filter" name="clickOnCourseFilterIIT" time="0.843"/>
</testsuite> <!-- Default test -->
