<?xml version="1.0" encoding="UTF-8"?>
<!-- Generated by org.testng.reporters.JUnitXMLReporter -->
<testsuite ignored="0" hostname="DESKTOP-NNG2UOE" failures="0" tests="5" name="Default test" time="22.661" errors="0" timestamp="2024-01-25T15:50:09 IST">
  <testcase classname="org.collegesuggestproject.HeaderSection" name="navigateToGftiCollegeOfEngineering" time="4.659"/>
  <testcase classname="org.collegesuggestproject.HeaderSection" name="navigateToPrivateCollegeOfMedical" time="3.113"/>
  <testcase classname="org.collegesuggestproject.HeaderSection" name="navigateToPrivateCollegeOfDental" time="2.136"/>
  <testcase classname="org.collegesuggestproject.HeaderSection" name="navigateToNitCollegeOfArchitecture" time="1.957"/>
  <testcase classname="org.collegesuggestproject.HeaderSection" name="navigateToNitCollegeOfPharmacy" time="1.984"/>
</testsuite> <!-- Default test -->
